2018-12-30T08:13:34.370Z - normal: Load ~/.CocosCreator/settings.json
2018-12-30T08:13:34.376Z - normal: checking language setting...
2018-12-30T08:13:34.377Z - normal: Language: en
2018-12-30T08:13:34.924Z - success: protocol editor-framework registered
2018-12-30T08:13:34.924Z - success: protocol app registered
2018-12-30T08:13:34.924Z - success: protocol theme registered
2018-12-30T08:13:34.924Z - success: protocol packages registered
2018-12-30T08:13:34.924Z - success: protocol unpack registerred
2018-12-30T08:13:34.925Z - success: protocol disable-commonjs registerred
2018-12-30T08:13:35.304Z - normal: connected!
2018-12-30T08:13:35.306Z - normal: Check project /Users/GhettoProgrammer/SpaceShooter
2018-12-30T08:13:35.311Z - normal: Initializing project /Users/GhettoProgrammer/SpaceShooter
2018-12-30T08:13:35.315Z - normal: Initializing Cocos2d
2018-12-30T08:13:36.026Z - normal: Initializing Asset Database
2018-12-30T08:13:36.059Z - success: protocol uuid registerred
2018-12-30T08:13:36.060Z - success: protocol db registerred
2018-12-30T08:13:36.060Z - success: protocol thumbnail registerred
2018-12-30T08:13:36.060Z - normal: Loading editor/builtin packages
2018-12-30T08:13:36.208Z - success: assets loaded
2018-12-30T08:13:36.214Z - success: builder loaded
2018-12-30T08:13:36.216Z - success: cocos-analytics loaded
2018-12-30T08:13:36.221Z - success: console loaded
2018-12-30T08:13:36.254Z - success: fb-instant-games loaded
2018-12-30T08:13:36.256Z - success: google-instant-games loaded
2018-12-30T08:13:36.262Z - success: hierarchy loaded
2018-12-30T08:13:36.266Z - success: inspector loaded
2018-12-30T08:13:36.267Z - success: keystore loaded
2018-12-30T08:13:36.273Z - success: node-library loaded
2018-12-30T08:13:36.274Z - success: package-asset loaded
2018-12-30T08:13:36.276Z - success: preferences loaded
2018-12-30T08:13:36.279Z - success: project-exporter loaded
2018-12-30T08:13:36.294Z - success: project-importer loaded
2018-12-30T08:13:36.298Z - success: project-settings loaded
2018-12-30T08:13:36.303Z - success: ui-kit loaded
2018-12-30T08:13:36.307Z - success: scene loaded
2018-12-30T08:13:36.309Z - success: sprite-editor loaded
2018-12-30T08:13:36.313Z - success: store loaded
2018-12-30T08:13:36.318Z - success: timeline loaded
2018-12-30T08:13:36.318Z - normal: Loading builtin packages
2018-12-30T08:13:36.324Z - success: asset-db-debugger loaded
2018-12-30T08:13:36.325Z - success: color-picker loaded
2018-12-30T08:13:36.408Z - success: fb-audience-network loaded
2018-12-30T08:13:36.413Z - success: fb-live-stream loaded
2018-12-30T08:13:36.417Z - success: google-play-instant loaded
2018-12-30T08:13:36.418Z - success: jsb-adapter loaded
2018-12-30T08:13:36.423Z - success: oppo-runtime loaded
2018-12-30T08:13:36.427Z - success: package-manager loaded
2018-12-30T08:13:36.559Z - success: qqplay-adapter loaded
2018-12-30T08:13:36.564Z - success: sdkbox loaded
2018-12-30T08:13:36.569Z - success: tester loaded
2018-12-30T08:13:36.574Z - success: ui-grid loaded
2018-12-30T08:13:36.578Z - success: ui-kit-preview-extra loaded
2018-12-30T08:13:36.582Z - success: ui-kit-preview loaded
2018-12-30T08:13:36.585Z - success: ui-tree loaded
2018-12-30T08:13:36.589Z - success: vivo-runtime loaded
2018-12-30T08:13:36.590Z - success: weapp-adapter loaded
2018-12-30T08:13:37.554Z - normal: Loading packages
2018-12-30T08:13:37.560Z - normal: Watching packages
2018-12-30T08:13:37.652Z - normal: Run Application
2018-12-30T08:13:38.201Z - success: preview server running at http://localhost:7456
2018-12-30T08:13:52.545Z - normal: Simulator: WORKAREA WIDTH 1440.00, HEIGHT 805.00
2018-12-30T08:13:52.545Z - normal: Simulator: FRAME SCALE = 1.00
2018-12-30T08:13:52.642Z - normal: Simulator: 
2018-12-30T08:13:52.685Z - normal: Simulator: {
2018-12-30T08:13:52.685Z - normal: Simulator: 	build_type: DEBUG
2018-12-30T08:13:52.686Z - normal: Simulator: 	gl.vendor: Intel Inc.
2018-12-30T08:13:52.688Z - normal: Simulator: 	gl.supports_PVRTC: false
2018-12-30T08:13:52.689Z - normal: Simulator: 	gl.renderer: Intel(R) Iris(TM) Graphics 6100
2018-12-30T08:13:52.689Z - normal: Simulator: 	gl.supports_ATITC: false
2018-12-30T08:13:52.690Z - normal: Simulator: 	gl.supports_discard_framebuffer: false
2018-12-30T08:13:52.691Z - normal: Simulator: 	gl.supports_NPOT: true
2018-12-30T08:13:52.691Z - normal: Simulator: 	gl.max_texture_units: 16
2018-12-30T08:13:52.692Z - normal: Simulator: 	gl.supports_ETC1: false
2018-12-30T08:13:52.692Z - normal: Simulator: 	gl.max_texture_size: 16384
2018-12-30T08:13:52.693Z - normal: Simulator: 	gl.supports_BGRA8888: false
2018-12-30T08:13:52.694Z - normal: Simulator: 	gl.supports_vertex_array_object: true
2018-12-30T08:13:52.694Z - normal: Simulator: 	gl.supports_OES_map_buffer: false
2018-12-30T08:13:52.695Z - normal: Simulator: 	compiled_with_gl_state_cache: true
2018-12-30T08:13:52.695Z - normal: Simulator: 	gl.supports_OES_packed_depth_stencil: false
2018-12-30T08:13:52.695Z - normal: Simulator: 	gl.version: 2.1 INTEL-12.4.7
2018-12-30T08:13:52.698Z - normal: Simulator: 	gl.supports_S3TC: true
2018-12-30T08:13:52.698Z - normal: Simulator: 	compiled_with_profiler: false
2018-12-30T08:13:52.699Z - normal: Simulator: 	gl.supports_OES_depth24: false
2018-12-30T08:13:52.699Z - normal: Simulator: }
2018-12-30T08:13:52.810Z - normal: Simulator: Project Config:
2018-12-30T08:13:52.815Z - normal: Simulator:     project dir: /Applications/CocosCreator.app/Contents/Resources/cocos2d-x/simulator/mac/Simulator.app/Contents/Resources/
2018-12-30T08:13:52.820Z - normal: Simulator:     writable path: $(PROJDIR)/
2018-12-30T08:13:52.824Z - normal: Simulator:     script file: $(PROJDIR)/main.js
2018-12-30T08:13:52.826Z - normal: Simulator:     frame size: 960 x 640
2018-12-30T08:13:52.827Z - normal: Simulator:     frame scale: 1.00
2018-12-30T08:13:52.828Z - normal: Simulator:     show console: NO
2018-12-30T08:13:52.829Z - normal: Simulator:     write debug log: NO ()
2018-12-30T08:13:52.830Z - normal: Simulator:     listen: 
2018-12-30T08:13:52.830Z - normal: Simulator:     debugger: none
2018-12-30T08:13:52.832Z - normal: Simulator:     add searching path:
2018-12-30T08:13:52.835Z - normal: Simulator: resetDesignResolution request
2018-12-30T08:13:52.835Z - normal: Simulator: ------------------------------------------------
2018-12-30T08:13:52.836Z - normal: Simulator: LOAD Js FILE: jsb-adapter/jsb-builtin.js
2018-12-30T08:13:52.837Z - normal: Simulator: ------------------------------------------------
2018-12-30T08:13:52.838Z - normal: Simulator: Initializing JavaScriptCore 
2018-12-30T08:13:52.997Z - normal: Simulator: JS: Enable batch GL commands optimization!
2018-12-30T08:13:52.998Z - normal: Simulator: resetDesignResolution request
2018-12-30T08:13:52.998Z - normal: Simulator: ------------------------------------------------
2018-12-30T08:13:52.999Z - normal: Simulator: LOAD Js FILE: main.js
2018-12-30T08:13:52.999Z - normal: Simulator: ------------------------------------------------
2018-12-30T08:13:53.615Z - normal: Simulator: iShow!
2018-12-30T08:13:53.765Z - normal: Simulator: glGetIntegerv: pname: 0x8b4c
2018-12-30T08:13:53.766Z - normal: Simulator: glGetIntegerv: pname: 0x8869
2018-12-30T08:13:53.782Z - normal: Simulator: JS: Cocos Creator v2.0.6
2018-12-30T08:13:55.050Z - normal: Simulator: ScriptEngine::cleanup begin ...
2018-12-30T08:13:55.052Z - normal: Simulator: GC begin ..., (Native -> JS map) count: 12
2018-12-30T08:13:55.066Z - normal: Simulator: GC end ..., (Native -> JS map) count: 12
2018-12-30T08:13:55.067Z - normal: Simulator: GC begin ..., (Native -> JS map) count: 12
2018-12-30T08:13:55.071Z - normal: Simulator: GC end ..., (Native -> JS map) count: 12
2018-12-30T08:13:55.072Z - normal: Simulator: GC begin ..., (Native -> JS map) count: 12
2018-12-30T08:13:55.094Z - normal: Simulator: GC end ..., (Native -> JS map) count: 12
2018-12-30T08:13:55.103Z - normal: Simulator: Destroy WebGLProgram (3) by GC
2018-12-30T08:13:55.103Z - normal: Simulator: Destroy WebGLTexture (2) by GC
2018-12-30T08:13:55.105Z - normal: Simulator: Destroy WebGLTexture (1) by GC
2018-12-30T08:13:55.105Z - normal: Simulator: Destroy WebGLBuffer (4) by GC
2018-12-30T08:13:55.106Z - normal: Simulator: Destroy WebGLBuffer (3) by GC
2018-12-30T08:13:55.106Z - normal: Simulator: Destroy WebGLBuffer (2) by GC
2018-12-30T08:13:55.107Z - normal: Simulator: Destroy WebGLBuffer (1) by GC
2018-12-30T08:13:55.133Z - normal: Simulator: ScriptEngine::cleanup end ...
2018-12-30T08:16:57.156Z - failed: [db-task][import] uuid collision, the uuid for /Users/GhettoProgrammer/SpaceShooter/assets/Scene/Gameplay.fire is already in used by /Users/GhettoProgrammer/SpaceShooter/assets/Scene/GamePlay.fire. Assigning a new uuid.
2018-12-30T08:16:57.207Z - error: Error: The id already added in the tree: 78ebf929-e657-483e-a7b6-478af6ef84bb
    at HTMLElement.addItem (packages://ui-tree/widget/id-tree.js:36:15)
    at HTMLElement.addNewItemById (file:///Applications/CocosCreator.app/Contents/Resources/app.asar/editor/builtin/assets/panel/assets-tree.js:1:5169)
    at s.forEach.e (file:///Applications/CocosCreator.app/Contents/Resources/app.asar/editor/builtin/assets/panel/panel.js:1:4613)
    at Array.forEach (native)
    at HTMLElement.asset-db:assets-created (file:///Applications/CocosCreator.app/Contents/Resources/app.asar/editor/builtin/assets/panel/panel.js:1:4437)
    at EventEmitter.e.on.t (/Applications/CocosCreator.app/Contents/Resources/app.asar/editor-framework/lib/renderer/ui/utils/polymer-utils.js:1:606)
    at emitTwo (events.js:106:13)
    at EventEmitter.emit (events.js:194:7)
2018-12-30T08:17:55.928Z - normal: Simulator: WORKAREA WIDTH 1440.00, HEIGHT 805.00
2018-12-30T08:17:55.929Z - normal: Simulator: FRAME SCALE = 1.00
2018-12-30T08:17:56.086Z - normal: Simulator: 
2018-12-30T08:17:56.087Z - normal: Simulator: {
2018-12-30T08:17:56.087Z - normal: Simulator: 	build_type: DEBUG
2018-12-30T08:17:56.088Z - normal: Simulator: 	gl.vendor: Intel Inc.
2018-12-30T08:17:56.088Z - normal: Simulator: 	gl.supports_PVRTC: false
2018-12-30T08:17:56.088Z - normal: Simulator: 	gl.renderer: Intel(R) Iris(TM) Graphics 6100
2018-12-30T08:17:56.089Z - normal: Simulator: 	gl.supports_ATITC: false
2018-12-30T08:17:56.089Z - normal: Simulator: 	gl.supports_discard_framebuffer: false
2018-12-30T08:17:56.089Z - normal: Simulator: 	gl.supports_NPOT: true
2018-12-30T08:17:56.089Z - normal: Simulator: 	gl.max_texture_units: 16
2018-12-30T08:17:56.090Z - normal: Simulator: 	gl.supports_ETC1: false
2018-12-30T08:17:56.090Z - normal: Simulator: 	gl.max_texture_size: 16384
2018-12-30T08:17:56.090Z - normal: Simulator: 	gl.supports_BGRA8888: false
2018-12-30T08:17:56.091Z - normal: Simulator: 	gl.supports_vertex_array_object: true
2018-12-30T08:17:56.091Z - normal: Simulator: 	gl.supports_OES_map_buffer: false
2018-12-30T08:17:56.091Z - normal: Simulator: 	compiled_with_gl_state_cache: true
2018-12-30T08:17:56.091Z - normal: Simulator: 	gl.supports_OES_packed_depth_stencil: false
2018-12-30T08:17:56.092Z - normal: Simulator: 	gl.version: 2.1 INTEL-12.4.7
2018-12-30T08:17:56.092Z - normal: Simulator: 	gl.supports_S3TC: true
2018-12-30T08:17:56.092Z - normal: Simulator: 	compiled_with_profiler: false
2018-12-30T08:17:56.093Z - normal: Simulator: 	gl.supports_OES_depth24: false
2018-12-30T08:17:56.094Z - normal: Simulator: }
2018-12-30T08:17:56.327Z - normal: Simulator: Project Config:
2018-12-30T08:17:56.328Z - normal: Simulator:     project dir: /Applications/CocosCreator.app/Contents/Resources/cocos2d-x/simulator/mac/Simulator.app/Contents/Resources/
2018-12-30T08:17:56.329Z - normal: Simulator:     writable path: $(PROJDIR)/
2018-12-30T08:17:56.329Z - normal: Simulator:     script file: $(PROJDIR)/main.js
2018-12-30T08:17:56.330Z - normal: Simulator:     frame size: 960 x 640
2018-12-30T08:17:56.331Z - normal: Simulator:     frame scale: 1.00
2018-12-30T08:17:56.331Z - normal: Simulator:     show console: NO
2018-12-30T08:17:56.332Z - normal: Simulator:     write debug log: NO ()
2018-12-30T08:17:56.332Z - normal: Simulator:     listen: 
2018-12-30T08:17:56.332Z - normal: Simulator:     debugger: none
2018-12-30T08:17:56.333Z - normal: Simulator:     add searching path:
2018-12-30T08:17:56.334Z - normal: Simulator: resetDesignResolution request
2018-12-30T08:17:56.335Z - normal: Simulator: ------------------------------------------------
2018-12-30T08:17:56.335Z - normal: Simulator: LOAD Js FILE: jsb-adapter/jsb-builtin.js
2018-12-30T08:17:56.336Z - normal: Simulator: ------------------------------------------------
2018-12-30T08:17:56.336Z - normal: Simulator: Initializing JavaScriptCore 
2018-12-30T08:17:56.456Z - normal: Simulator: JS: Enable batch GL commands optimization!
2018-12-30T08:17:56.457Z - normal: Simulator: resetDesignResolution request
2018-12-30T08:17:56.457Z - normal: Simulator: ------------------------------------------------
2018-12-30T08:17:56.458Z - normal: Simulator: LOAD Js FILE: main.js
2018-12-30T08:17:56.460Z - normal: Simulator: ------------------------------------------------
2018-12-30T08:17:57.057Z - normal: Simulator: iShow!
2018-12-30T08:17:57.286Z - normal: Simulator: glGetIntegerv: pname: 0x8b4c
2018-12-30T08:17:57.286Z - normal: Simulator: glGetIntegerv: pname: 0x8869
2018-12-30T08:17:57.342Z - normal: Simulator: JS: Cocos Creator v2.0.6
2018-12-30T08:17:59.586Z - normal: Simulator: I/AudioEngine-inl.mm (360): OpenAL was initialized successfully!
2018-12-30T08:17:59.587Z - normal: Simulator: V/AudioCache (312): pcm buffer was loaded successfully, total frames: 23927, total read frames: 23927, adjust frames: 0, remainingFrames: 0
2018-12-30T08:17:59.587Z - normal: Simulator: JS: LASER DESTOEYED
2018-12-30T08:17:59.739Z - normal: Simulator: V/AudioCache (161): ~AudioCache(id=1), delete buffer: 2425
2018-12-30T08:17:59.739Z - normal: Simulator: JS: LASER DESTOEYED
2018-12-30T08:17:59.956Z - normal: Simulator: JS: LASER DESTOEYED
2018-12-30T08:18:00.140Z - normal: Simulator: JS: LASER DESTOEYED
2018-12-30T08:18:00.258Z - normal: Simulator: JS: LASER DESTOEYED
2018-12-30T08:18:02.082Z - normal: Simulator: JS: PLAYER ASTEROID CONTACT
2018-12-30T08:18:09.686Z - normal: Simulator: JS: PLAYER ASTEROID CONTACT
2018-12-30T08:18:10.413Z - normal: Simulator: ScriptEngine::cleanup begin ...
2018-12-30T08:18:10.413Z - normal: Simulator: GC begin ..., (Native -> JS map) count: 44
2018-12-30T08:18:10.433Z - normal: Simulator: GC end ..., (Native -> JS map) count: 44
2018-12-30T08:18:10.434Z - normal: Simulator: GC begin ..., (Native -> JS map) count: 44
2018-12-30T08:18:10.449Z - normal: Simulator: GC end ..., (Native -> JS map) count: 44
2018-12-30T08:18:10.451Z - normal: Simulator: GC begin ..., (Native -> JS map) count: 44
2018-12-30T08:18:10.477Z - normal: Simulator: GC end ..., (Native -> JS map) count: 44
2018-12-30T08:18:10.526Z - normal: Simulator: Destroy WebGLProgram (6) by GC
2018-12-30T08:18:10.526Z - normal: Simulator: Destroy WebGLProgram (3) by GC
2018-12-30T08:18:10.527Z - normal: Simulator: Destroy WebGLFramebuffer (1) by GC
2018-12-30T08:18:10.527Z - normal: Simulator: Destroy WebGLTexture (27) by GC
2018-12-30T08:18:10.528Z - normal: Simulator: Destroy WebGLBuffer (6) by GC
2018-12-30T08:18:10.530Z - normal: Simulator: Destroy WebGLBuffer (5) by GC
2018-12-30T08:18:10.531Z - normal: Simulator: Destroy WebGLTexture (26) by GC
2018-12-30T08:18:10.531Z - normal: Simulator: Destroy WebGLTexture (25) by GC
2018-12-30T08:18:10.532Z - normal: Simulator: Destroy WebGLTexture (24) by GC
2018-12-30T08:18:10.532Z - normal: Simulator: Destroy WebGLTexture (23) by GC
2018-12-30T08:18:10.533Z - normal: Simulator: Destroy WebGLTexture (22) by GC
2018-12-30T08:18:10.535Z - normal: Simulator: Destroy WebGLTexture (21) by GC
2018-12-30T08:18:10.538Z - normal: Simulator: Destroy WebGLTexture (20) by GC
2018-12-30T08:18:10.539Z - normal: Simulator: Destroy WebGLTexture (19) by GC
2018-12-30T08:18:10.539Z - normal: Simulator: Destroy WebGLTexture (18) by GC
2018-12-30T08:18:10.539Z - normal: Simulator: Destroy WebGLTexture (17) by GC
2018-12-30T08:18:10.540Z - normal: Simulator: Destroy WebGLTexture (16) by GC
2018-12-30T08:18:10.540Z - normal: Simulator: Destroy WebGLTexture (15) by GC
2018-12-30T08:18:10.541Z - normal: Simulator: Destroy WebGLTexture (14) by GC
2018-12-30T08:18:10.541Z - normal: Simulator: Destroy WebGLTexture (13) by GC
2018-12-30T08:18:10.542Z - normal: Simulator: Destroy WebGLTexture (12) by GC
2018-12-30T08:18:10.542Z - normal: Simulator: Destroy WebGLTexture (11) by GC
2018-12-30T08:18:10.542Z - normal: Simulator: Destroy WebGLTexture (10) by GC
2018-12-30T08:18:10.543Z - normal: Simulator: Destroy WebGLTexture (9) by GC
2018-12-30T08:18:10.543Z - normal: Simulator: Destroy WebGLTexture (8) by GC
2018-12-30T08:18:10.544Z - normal: Simulator: Destroy WebGLTexture (7) by GC
2018-12-30T08:18:10.544Z - normal: Simulator: Destroy WebGLTexture (6) by GC
2018-12-30T08:18:10.544Z - normal: Simulator: Destroy WebGLTexture (5) by GC
2018-12-30T08:18:10.545Z - normal: Simulator: Destroy WebGLTexture (4) by GC
2018-12-30T08:18:10.545Z - normal: Simulator: Destroy WebGLTexture (3) by GC
2018-12-30T08:18:10.545Z - normal: Simulator: Destroy WebGLTexture (2) by GC
2018-12-30T08:18:10.546Z - normal: Simulator: Destroy WebGLTexture (1) by GC
2018-12-30T08:18:10.546Z - normal: Simulator: Destroy WebGLBuffer (4) by GC
2018-12-30T08:18:10.546Z - normal: Simulator: Destroy WebGLBuffer (3) by GC
2018-12-30T08:18:10.547Z - normal: Simulator: Destroy WebGLBuffer (2) by GC
2018-12-30T08:18:10.547Z - normal: Simulator: Destroy WebGLBuffer (1) by GC
2018-12-30T08:18:10.547Z - normal: Simulator: ScriptEngine::cleanup end ...
2018-12-30T08:18:58.154Z - normal: Simulator: WORKAREA WIDTH 1440.00, HEIGHT 805.00
2018-12-30T08:18:58.155Z - normal: Simulator: FRAME SCALE = 1.00
2018-12-30T08:18:58.256Z - normal: Simulator: 
2018-12-30T08:18:58.290Z - normal: Simulator: {
2018-12-30T08:18:58.290Z - normal: Simulator: 	build_type: DEBUG
2018-12-30T08:18:58.291Z - normal: Simulator: 	gl.vendor: Intel Inc.
2018-12-30T08:18:58.291Z - normal: Simulator: 	gl.supports_PVRTC: false
2018-12-30T08:18:58.292Z - normal: Simulator: 	gl.renderer: Intel(R) Iris(TM) Graphics 6100
2018-12-30T08:18:58.292Z - normal: Simulator: 	gl.supports_ATITC: false
2018-12-30T08:18:58.292Z - normal: Simulator: 	gl.supports_discard_framebuffer: false
2018-12-30T08:18:58.293Z - normal: Simulator: 	gl.supports_NPOT: true
2018-12-30T08:18:58.293Z - normal: Simulator: 	gl.max_texture_units: 16
2018-12-30T08:18:58.294Z - normal: Simulator: 	gl.supports_ETC1: false
2018-12-30T08:18:58.295Z - normal: Simulator: 	gl.max_texture_size: 16384
2018-12-30T08:18:58.295Z - normal: Simulator: 	gl.supports_BGRA8888: false
2018-12-30T08:18:58.296Z - normal: Simulator: 	gl.supports_vertex_array_object: true
2018-12-30T08:18:58.296Z - normal: Simulator: 	gl.supports_OES_map_buffer: false
2018-12-30T08:18:58.297Z - normal: Simulator: 	compiled_with_gl_state_cache: true
2018-12-30T08:18:58.297Z - normal: Simulator: 	gl.supports_OES_packed_depth_stencil: false
2018-12-30T08:18:58.298Z - normal: Simulator: 	gl.version: 2.1 INTEL-12.4.7
2018-12-30T08:18:58.298Z - normal: Simulator: 	gl.supports_S3TC: true
2018-12-30T08:18:58.298Z - normal: Simulator: 	compiled_with_profiler: false
2018-12-30T08:18:58.299Z - normal: Simulator: 	gl.supports_OES_depth24: false
2018-12-30T08:18:58.299Z - normal: Simulator: }
2018-12-30T08:18:58.377Z - normal: Simulator: Project Config:
2018-12-30T08:18:58.378Z - normal: Simulator:     project dir: /Applications/CocosCreator.app/Contents/Resources/cocos2d-x/simulator/mac/Simulator.app/Contents/Resources/
2018-12-30T08:18:58.379Z - normal: Simulator:     writable path: $(PROJDIR)/
2018-12-30T08:18:58.381Z - normal: Simulator:     script file: $(PROJDIR)/main.js
2018-12-30T08:18:58.381Z - normal: Simulator:     frame size: 960 x 640
2018-12-30T08:18:58.382Z - normal: Simulator:     frame scale: 1.00
2018-12-30T08:18:58.383Z - normal: Simulator:     show console: NO
2018-12-30T08:18:58.384Z - normal: Simulator:     write debug log: NO ()
2018-12-30T08:18:58.384Z - normal: Simulator:     listen: 
2018-12-30T08:18:58.384Z - normal: Simulator:     debugger: none
2018-12-30T08:18:58.385Z - normal: Simulator:     add searching path:
2018-12-30T08:18:58.385Z - normal: Simulator: resetDesignResolution request
2018-12-30T08:18:58.385Z - normal: Simulator: ------------------------------------------------
2018-12-30T08:18:58.386Z - normal: Simulator: LOAD Js FILE: jsb-adapter/jsb-builtin.js
2018-12-30T08:18:58.386Z - normal: Simulator: ------------------------------------------------
2018-12-30T08:18:58.386Z - normal: Simulator: Initializing JavaScriptCore 
2018-12-30T08:18:58.590Z - normal: Simulator: JS: Enable batch GL commands optimization!
2018-12-30T08:18:58.594Z - normal: Simulator: resetDesignResolution request
2018-12-30T08:18:58.595Z - normal: Simulator: ------------------------------------------------
2018-12-30T08:18:58.600Z - normal: Simulator: LOAD Js FILE: main.js
2018-12-30T08:18:58.606Z - normal: Simulator: ------------------------------------------------
2018-12-30T08:18:59.135Z - normal: Simulator: iShow!
2018-12-30T08:18:59.254Z - normal: Simulator: glGetIntegerv: pname: 0x8b4c
2018-12-30T08:18:59.254Z - normal: Simulator: glGetIntegerv: pname: 0x8869
2018-12-30T08:18:59.264Z - normal: Simulator: JS: Cocos Creator v2.0.6
2018-12-30T08:19:01.701Z - normal: Simulator: I/AudioEngine-inl.mm (360): OpenAL was initialized successfully!
2018-12-30T08:19:01.702Z - normal: Simulator: V/AudioCache (312): pcm buffer was loaded successfully, total frames: 23927, total read frames: 23927, adjust frames: 0, remainingFrames: 0
2018-12-30T08:19:01.702Z - normal: Simulator: V/AudioCache (161): ~AudioCache(id=1), delete buffer: 2425
2018-12-30T08:19:01.703Z - normal: Simulator: JS: LASER DESTOEYED
2018-12-30T08:19:01.808Z - normal: Simulator: JS: LASER DESTOEYED
2018-12-30T08:19:01.889Z - normal: Simulator: JS: LASER DESTOEYED
2018-12-30T08:19:01.990Z - normal: Simulator: JS: LASER DESTOEYED
2018-12-30T08:19:02.986Z - normal: Simulator: V/AudioCache (312): pcm buffer was loaded successfully, total frames: 23927, total read frames: 23927, adjust frames: 0, remainingFrames: 0
2018-12-30T08:19:02.987Z - normal: Simulator: JS: LASER DESTOEYED
2018-12-30T08:19:03.581Z - normal: Simulator: V/AudioCache (161): ~AudioCache(id=2), delete buffer: 2431
2018-12-30T08:19:03.582Z - normal: Simulator: V/AudioCache (312): pcm buffer was loaded successfully, total frames: 23927, total read frames: 23927, adjust frames: 0, remainingFrames: 0
2018-12-30T08:19:03.582Z - normal: Simulator: V/AudioCache (312): pcm buffer was loaded successfully, total frames: 12251, total read frames: 12251, adjust frames: 0, remainingFrames: 0
2018-12-30T08:19:03.582Z - normal: Simulator: JS: LASER DESTOEYED
2018-12-30T08:19:03.666Z - normal: Simulator: V/AudioCache (161): ~AudioCache(id=3), delete buffer: 2435
2018-12-30T08:19:03.667Z - normal: Simulator: JS: PLAYER ASTEROID CONTACT
2018-12-30T08:19:03.785Z - normal: Simulator: JS: LASER DESTOEYED
2018-12-30T08:19:04.007Z - normal: Simulator: JS: LASER DESTOEYED
2018-12-30T08:19:05.457Z - normal: Simulator: JS: PLAYER ASTEROID CONTACT
2018-12-30T08:19:07.062Z - normal: Simulator: JS: PLAYER ASTEROID CONTACT
2018-12-30T08:19:08.160Z - normal: Simulator: ScriptEngine::cleanup begin ...
2018-12-30T08:19:08.161Z - normal: Simulator: GC begin ..., (Native -> JS map) count: 44
2018-12-30T08:19:08.184Z - normal: Simulator: GC end ..., (Native -> JS map) count: 44
2018-12-30T08:19:08.184Z - normal: Simulator: GC begin ..., (Native -> JS map) count: 44
2018-12-30T08:19:08.207Z - normal: Simulator: GC end ..., (Native -> JS map) count: 44
2018-12-30T08:19:08.207Z - normal: Simulator: GC begin ..., (Native -> JS map) count: 44
2018-12-30T08:19:08.215Z - normal: Simulator: GC end ..., (Native -> JS map) count: 44
2018-12-30T08:19:08.259Z - normal: Simulator: Destroy WebGLProgram (6) by GC
2018-12-30T08:19:08.259Z - normal: Simulator: Destroy WebGLProgram (3) by GC
2018-12-30T08:19:08.260Z - normal: Simulator: Destroy WebGLFramebuffer (1) by GC
2018-12-30T08:19:08.261Z - normal: Simulator: Destroy WebGLTexture (27) by GC
2018-12-30T08:19:08.262Z - normal: Simulator: Destroy WebGLBuffer (6) by GC
2018-12-30T08:19:08.262Z - normal: Simulator: Destroy WebGLBuffer (5) by GC
2018-12-30T08:19:08.263Z - normal: Simulator: Destroy WebGLTexture (26) by GC
2018-12-30T08:19:08.263Z - normal: Simulator: Destroy WebGLTexture (25) by GC
2018-12-30T08:19:08.264Z - normal: Simulator: Destroy WebGLTexture (24) by GC
2018-12-30T08:19:08.266Z - normal: Simulator: Destroy WebGLTexture (23) by GC
2018-12-30T08:19:08.267Z - normal: Simulator: Destroy WebGLTexture (22) by GC
2018-12-30T08:19:08.267Z - normal: Simulator: Destroy WebGLTexture (21) by GC
2018-12-30T08:19:08.268Z - normal: Simulator: Destroy WebGLTexture (20) by GC
2018-12-30T08:19:08.268Z - normal: Simulator: Destroy WebGLTexture (19) by GC
2018-12-30T08:19:08.268Z - normal: Simulator: Destroy WebGLTexture (18) by GC
2018-12-30T08:19:08.268Z - normal: Simulator: Destroy WebGLTexture (17) by GC
2018-12-30T08:19:08.269Z - normal: Simulator: Destroy WebGLTexture (16) by GC
2018-12-30T08:19:08.270Z - normal: Simulator: Destroy WebGLTexture (15) by GC
2018-12-30T08:19:08.270Z - normal: Simulator: Destroy WebGLTexture (14) by GC
2018-12-30T08:19:08.270Z - normal: Simulator: Destroy WebGLTexture (13) by GC
2018-12-30T08:19:08.271Z - normal: Simulator: Destroy WebGLTexture (12) by GC
2018-12-30T08:19:08.271Z - normal: Simulator: Destroy WebGLTexture (11) by GC
2018-12-30T08:19:08.272Z - normal: Simulator: Destroy WebGLTexture (10) by GC
2018-12-30T08:19:08.272Z - normal: Simulator: Destroy WebGLTexture (9) by GC
2018-12-30T08:19:08.273Z - normal: Simulator: Destroy WebGLTexture (8) by GC
2018-12-30T08:19:08.274Z - normal: Simulator: Destroy WebGLTexture (7) by GC
2018-12-30T08:19:08.275Z - normal: Simulator: Destroy WebGLTexture (6) by GC
2018-12-30T08:19:08.277Z - normal: Simulator: Destroy WebGLTexture (5) by GC
2018-12-30T08:19:08.278Z - normal: Simulator: Destroy WebGLTexture (4) by GC
2018-12-30T08:19:08.278Z - normal: Simulator: Destroy WebGLTexture (3) by GC
2018-12-30T08:19:08.279Z - normal: Simulator: Destroy WebGLTexture (2) by GC
2018-12-30T08:19:08.281Z - normal: Simulator: Destroy WebGLTexture (1) by GC
2018-12-30T08:19:08.282Z - normal: Simulator: Destroy WebGLBuffer (4) by GC
2018-12-30T08:19:08.282Z - normal: Simulator: Destroy WebGLBuffer (3) by GC
2018-12-30T08:19:08.283Z - normal: Simulator: Destroy WebGLBuffer (2) by GC
2018-12-30T08:19:08.285Z - normal: Simulator: Destroy WebGLBuffer (1) by GC
2018-12-30T08:19:08.285Z - normal: Simulator: ScriptEngine::cleanup end ...
2018-12-30T08:19:08.331Z - normal: Simulator: V/AudioCache (161): ~AudioCache(id=4), delete buffer: 2437
2018-12-30T08:19:50.170Z - normal: Simulator: WORKAREA WIDTH 1440.00, HEIGHT 805.00
2018-12-30T08:19:50.171Z - normal: Simulator: FRAME SCALE = 1.00
2018-12-30T08:19:50.327Z - normal: Simulator: 
2018-12-30T08:19:50.328Z - normal: Simulator: {
2018-12-30T08:19:50.328Z - normal: Simulator: 	build_type: DEBUG
2018-12-30T08:19:50.329Z - normal: Simulator: 	gl.vendor: Intel Inc.
2018-12-30T08:19:50.329Z - normal: Simulator: 	gl.supports_PVRTC: false
2018-12-30T08:19:50.330Z - normal: Simulator: 	gl.renderer: Intel(R) Iris(TM) Graphics 6100
2018-12-30T08:19:50.330Z - normal: Simulator: 	gl.supports_ATITC: false
2018-12-30T08:19:50.330Z - normal: Simulator: 	gl.supports_discard_framebuffer: false
2018-12-30T08:19:50.331Z - normal: Simulator: 	gl.supports_NPOT: true
2018-12-30T08:19:50.331Z - normal: Simulator: 	gl.max_texture_units: 16
2018-12-30T08:19:50.331Z - normal: Simulator: 	gl.supports_ETC1: false
2018-12-30T08:19:50.332Z - normal: Simulator: 	gl.max_texture_size: 16384
2018-12-30T08:19:50.332Z - normal: Simulator: 	gl.supports_BGRA8888: false
2018-12-30T08:19:50.332Z - normal: Simulator: 	gl.supports_vertex_array_object: true
2018-12-30T08:19:50.333Z - normal: Simulator: 	gl.supports_OES_map_buffer: false
2018-12-30T08:19:50.333Z - normal: Simulator: 	compiled_with_gl_state_cache: true
2018-12-30T08:19:50.333Z - normal: Simulator: 	gl.supports_OES_packed_depth_stencil: false
2018-12-30T08:19:50.334Z - normal: Simulator: 	gl.version: 2.1 INTEL-12.4.7
2018-12-30T08:19:50.334Z - normal: Simulator: 	gl.supports_S3TC: true
2018-12-30T08:19:50.335Z - normal: Simulator: 	compiled_with_profiler: false
2018-12-30T08:19:50.335Z - normal: Simulator: 	gl.supports_OES_depth24: false
2018-12-30T08:19:50.335Z - normal: Simulator: }
2018-12-30T08:19:50.388Z - normal: Simulator: Project Config:
2018-12-30T08:19:50.389Z - normal: Simulator:     project dir: /Applications/CocosCreator.app/Contents/Resources/cocos2d-x/simulator/mac/Simulator.app/Contents/Resources/
2018-12-30T08:19:50.390Z - normal: Simulator:     writable path: $(PROJDIR)/
2018-12-30T08:19:50.393Z - normal: Simulator:     script file: $(PROJDIR)/main.js
2018-12-30T08:19:50.399Z - normal: Simulator:     frame size: 960 x 640
2018-12-30T08:19:50.401Z - normal: Simulator:     frame scale: 1.00
2018-12-30T08:19:50.403Z - normal: Simulator:     show console: NO
2018-12-30T08:19:50.404Z - normal: Simulator:     write debug log: NO ()
2018-12-30T08:19:50.404Z - normal: Simulator:     listen: 
2018-12-30T08:19:50.407Z - normal: Simulator:     debugger: none
2018-12-30T08:19:50.408Z - normal: Simulator:     add searching path:
2018-12-30T08:19:50.408Z - normal: Simulator: resetDesignResolution request
2018-12-30T08:19:50.410Z - normal: Simulator: ------------------------------------------------
2018-12-30T08:19:50.410Z - normal: Simulator: LOAD Js FILE: jsb-adapter/jsb-builtin.js
2018-12-30T08:19:50.411Z - normal: Simulator: ------------------------------------------------
2018-12-30T08:19:50.412Z - normal: Simulator: Initializing JavaScriptCore 
2018-12-30T08:19:50.515Z - normal: Simulator: JS: Enable batch GL commands optimization!
2018-12-30T08:19:50.588Z - normal: Simulator: resetDesignResolution request
2018-12-30T08:19:50.589Z - normal: Simulator: ------------------------------------------------
2018-12-30T08:19:50.589Z - normal: Simulator: LOAD Js FILE: main.js
2018-12-30T08:19:50.590Z - normal: Simulator: ------------------------------------------------
2018-12-30T08:19:51.226Z - normal: Simulator: iShow!
2018-12-30T08:19:51.356Z - normal: Simulator: glGetIntegerv: pname: 0x8b4c
2018-12-30T08:19:51.357Z - normal: Simulator: glGetIntegerv: pname: 0x8869
2018-12-30T08:19:51.370Z - normal: Simulator: JS: Cocos Creator v2.0.6
2018-12-30T08:19:53.436Z - normal: Simulator: I/AudioEngine-inl.mm (360): OpenAL was initialized successfully!
2018-12-30T08:19:53.436Z - normal: Simulator: V/AudioCache (312): pcm buffer was loaded successfully, total frames: 23927, total read frames: 23927, adjust frames: 0, remainingFrames: 0
2018-12-30T08:19:53.437Z - normal: Simulator: V/AudioCache (161): ~AudioCache(id=1), delete buffer: 2425
2018-12-30T08:19:53.439Z - normal: Simulator: JS: LASER DESTOEYED
2018-12-30T08:19:53.675Z - normal: Simulator: V/AudioCache (312): pcm buffer was loaded successfully, total frames: 23927, total read frames: 23927, adjust frames: 0, remainingFrames: 0
2018-12-30T08:19:53.675Z - normal: Simulator: JS: LASER DESTOEYED
2018-12-30T08:19:53.828Z - normal: Simulator: V/AudioCache (161): ~AudioCache(id=2), delete buffer: 2430
2018-12-30T08:19:53.828Z - normal: Simulator: JS: LASER DESTOEYED
2018-12-30T08:19:54.158Z - normal: Simulator: ScriptEngine::cleanup begin ...
2018-12-30T08:19:54.159Z - normal: Simulator: GC begin ..., (Native -> JS map) count: 43
2018-12-30T08:19:54.179Z - normal: Simulator: GC end ..., (Native -> JS map) count: 43
2018-12-30T08:19:54.180Z - normal: Simulator: GC begin ..., (Native -> JS map) count: 43
2018-12-30T08:19:54.197Z - normal: Simulator: GC end ..., (Native -> JS map) count: 43
2018-12-30T08:19:54.197Z - normal: Simulator: GC begin ..., (Native -> JS map) count: 43
2018-12-30T08:19:54.216Z - normal: Simulator: GC end ..., (Native -> JS map) count: 43
2018-12-30T08:19:54.245Z - normal: Simulator: Destroy WebGLProgram (6) by GC
2018-12-30T08:19:54.247Z - normal: Simulator: Destroy WebGLProgram (3) by GC
2018-12-30T08:19:54.249Z - normal: Simulator: Destroy WebGLFramebuffer (1) by GC
2018-12-30T08:19:54.252Z - normal: Simulator: Destroy WebGLTexture (26) by GC
2018-12-30T08:19:54.253Z - normal: Simulator: Destroy WebGLBuffer (6) by GC
2018-12-30T08:19:54.253Z - normal: Simulator: Destroy WebGLBuffer (5) by GC
2018-12-30T08:19:54.254Z - normal: Simulator: Destroy WebGLTexture (25) by GC
2018-12-30T08:19:54.254Z - normal: Simulator: Destroy WebGLTexture (24) by GC
2018-12-30T08:19:54.254Z - normal: Simulator: Destroy WebGLTexture (23) by GC
2018-12-30T08:19:54.254Z - normal: Simulator: Destroy WebGLTexture (22) by GC
2018-12-30T08:19:54.254Z - normal: Simulator: Destroy WebGLTexture (21) by GC
2018-12-30T08:19:54.255Z - normal: Simulator: Destroy WebGLTexture (20) by GC
2018-12-30T08:19:54.255Z - normal: Simulator: Destroy WebGLTexture (19) by GC
2018-12-30T08:19:54.256Z - normal: Simulator: Destroy WebGLTexture (18) by GC
2018-12-30T08:19:54.257Z - normal: Simulator: Destroy WebGLTexture (17) by GC
2018-12-30T08:19:54.260Z - normal: Simulator: Destroy WebGLTexture (16) by GC
2018-12-30T08:19:54.261Z - normal: Simulator: Destroy WebGLTexture (15) by GC
2018-12-30T08:19:54.261Z - normal: Simulator: Destroy WebGLTexture (14) by GC
2018-12-30T08:19:54.262Z - normal: Simulator: Destroy WebGLTexture (13) by GC
2018-12-30T08:19:54.263Z - normal: Simulator: Destroy WebGLTexture (12) by GC
2018-12-30T08:19:54.263Z - normal: Simulator: Destroy WebGLTexture (11) by GC
2018-12-30T08:19:54.263Z - normal: Simulator: Destroy WebGLTexture (10) by GC
2018-12-30T08:19:54.263Z - normal: Simulator: Destroy WebGLTexture (9) by GC
2018-12-30T08:19:54.264Z - normal: Simulator: Destroy WebGLTexture (8) by GC
2018-12-30T08:19:54.264Z - normal: Simulator: Destroy WebGLTexture (7) by GC
2018-12-30T08:19:54.264Z - normal: Simulator: Destroy WebGLTexture (6) by GC
2018-12-30T08:19:54.264Z - normal: Simulator: Destroy WebGLTexture (5) by GC
2018-12-30T08:19:54.264Z - normal: Simulator: Destroy WebGLTexture (4) by GC
2018-12-30T08:19:54.264Z - normal: Simulator: Destroy WebGLTexture (3) by GC
2018-12-30T08:19:54.265Z - normal: Simulator: Destroy WebGLTexture (2) by GC
2018-12-30T08:19:54.265Z - normal: Simulator: Destroy WebGLTexture (1) by GC
2018-12-30T08:19:54.265Z - normal: Simulator: Destroy WebGLBuffer (4) by GC
2018-12-30T08:19:54.265Z - normal: Simulator: Destroy WebGLBuffer (3) by GC
2018-12-30T08:19:54.266Z - normal: Simulator: Destroy WebGLBuffer (2) by GC
2018-12-30T08:19:54.266Z - normal: Simulator: Destroy WebGLBuffer (1) by GC
2018-12-30T08:19:54.266Z - normal: Simulator: ScriptEngine::cleanup end ...
2018-12-30T08:20:14.831Z - info: shutdown preview server
